<?xml version="1.0" encoding="UTF-8"?>
<!-- Generated by org.testng.reporters.JUnitXMLReporter -->
<testsuite hostname="FINLHYDAI452039" ignored="1" name="Test Factory" tests="1" failures="0" timestamp="16 Jun 2020 09:22:45 GMT" time="78.349" errors="0">
  <testcase name="loginTest" time="40.588" classname="com.JavaSelenium.TestFactory.tests.DropDownRadioCheckBoxesTest"/>
  <testcase name="loginTest" time="0.0" classname="com.JavaSelenium.TestFactory.tests.LoginTest">
    <ignored/>
  </testcase> <!-- loginTest -->
</testsuite> <!-- Test Factory -->
